[DEBUG] 2019-12-11 00:00:56,731 logging.logProvider() - Logging Provider: org.jboss.logging.Log4j2LoggerProvider
[INFO ] 2019-12-11 00:00:56,735 Version.<clinit>() - HV000001: Hibernate Validator 6.1.0.Final
[INFO ] 2019-12-11 00:00:56,735 Version.<clinit>() - HV000001: Hibernate Validator 6.1.0.Final
[INFO ] 2019-12-11 00:00:57,026 Version.logVersion() - HHH000412: Hibernate Core {5.4.4.Final}
[INFO ] 2019-12-11 00:00:57,026 Version.logVersion() - HHH000412: Hibernate Core {5.4.4.Final}
[INFO ] 2019-12-11 00:00:57,359 Version.<clinit>() - HCANN000001: Hibernate Commons Annotations {5.1.0.Final}
[INFO ] 2019-12-11 00:00:57,359 Version.<clinit>() - HCANN000001: Hibernate Commons Annotations {5.1.0.Final}
[WARN ] 2019-12-11 00:00:57,458 pooling.configure() - HHH10001002: Using Hibernate built-in connection pool (not for production use!)
[WARN ] 2019-12-11 00:00:57,458 pooling.configure() - HHH10001002: Using Hibernate built-in connection pool (not for production use!)
[INFO ] 2019-12-11 00:00:57,463 pooling.buildCreator() - HHH10001005: using driver [com.mysql.jdbc.Driver] at URL [jdbc:mysql://localhost:3306/albion_bot]
[INFO ] 2019-12-11 00:00:57,463 pooling.buildCreator() - HHH10001005: using driver [com.mysql.jdbc.Driver] at URL [jdbc:mysql://localhost:3306/albion_bot]
[INFO ] 2019-12-11 00:00:57,464 pooling.buildCreator() - HHH10001001: Connection properties: {password=****, user=root}
[INFO ] 2019-12-11 00:00:57,464 pooling.buildCreator() - HHH10001001: Connection properties: {password=****, user=root}
[INFO ] 2019-12-11 00:00:57,464 pooling.buildCreator() - HHH10001003: Autocommit mode: false
[INFO ] 2019-12-11 00:00:57,464 pooling.buildCreator() - HHH10001003: Autocommit mode: false
[INFO ] 2019-12-11 00:00:57,467 DriverManagerConnectionProviderImpl.<init>() - HHH000115: Hibernate connection pool size: 20 (min=1)
[INFO ] 2019-12-11 00:00:57,467 DriverManagerConnectionProviderImpl.<init>() - HHH000115: Hibernate connection pool size: 20 (min=1)
[INFO ] 2019-12-11 00:00:57,661 Dialect.<init>() - HHH000400: Using dialect: org.hibernate.dialect.MySQL8Dialect
[INFO ] 2019-12-11 00:00:57,661 Dialect.<init>() - HHH000400: Using dialect: org.hibernate.dialect.MySQL8Dialect
[WARN ] 2019-12-11 00:00:57,819 JsonLanguageRepository.findNotTranslatedPhrases() - Translation for key: yes is missing in language PL
[WARN ] 2019-12-11 00:00:57,819 JsonLanguageRepository.findNotTranslatedPhrases() - Translation for key: no is missing in language PL
[WARN ] 2019-12-11 00:00:57,819 JsonLanguageRepository.findNotTranslatedPhrases() - Translation for key: membershipGuilds is missing in language PL
[WARN ] 2019-12-11 00:00:57,819 JsonLanguageRepository.findNotTranslatedPhrases() - Translation for key: membershipAlliances is missing in language PL
[WARN ] 2019-12-11 00:00:57,826 JavaTypeDescriptorRegistry.checkEqualsAndHashCode() - HHH000481: Encountered Java type [class com.zbutwialypiernik.bloodbot.entity.translation.Language] for which we could not locate a JavaTypeDescriptor and which does not appear to implement equals and/or hashCode.  This can lead to significant performance problems when performing equality/dirty checking involving this Java type.  Consider registering a custom JavaTypeDescriptor or at least implementing equals/hashCode.
[WARN ] 2019-12-11 00:00:57,826 JavaTypeDescriptorRegistry.checkEqualsAndHashCode() - HHH000481: Encountered Java type [class com.zbutwialypiernik.bloodbot.entity.translation.Language] for which we could not locate a JavaTypeDescriptor and which does not appear to implement equals and/or hashCode.  This can lead to significant performance problems when performing equality/dirty checking involving this Java type.  Consider registering a custom JavaTypeDescriptor or at least implementing equals/hashCode.
[WARN ] 2019-12-11 00:00:57,832 JavaTypeDescriptorRegistry.checkEqualsAndHashCode() - HHH000481: Encountered Java type [class club.minnced.discord.webhook.WebhookClient] for which we could not locate a JavaTypeDescriptor and which does not appear to implement equals and/or hashCode.  This can lead to significant performance problems when performing equality/dirty checking involving this Java type.  Consider registering a custom JavaTypeDescriptor or at least implementing equals/hashCode.
[WARN ] 2019-12-11 00:00:57,832 JavaTypeDescriptorRegistry.checkEqualsAndHashCode() - HHH000481: Encountered Java type [class club.minnced.discord.webhook.WebhookClient] for which we could not locate a JavaTypeDescriptor and which does not appear to implement equals and/or hashCode.  This can lead to significant performance problems when performing equality/dirty checking involving this Java type.  Consider registering a custom JavaTypeDescriptor or at least implementing equals/hashCode.
[WARN ] 2019-12-11 00:00:57,833 JavaTypeDescriptorRegistry.checkEqualsAndHashCode() - HHH000481: Encountered Java type [class com.zbutwialypiernik.bloodbot.entity.translation.Language] for which we could not locate a JavaTypeDescriptor and which does not appear to implement equals and/or hashCode.  This can lead to significant performance problems when performing equality/dirty checking involving this Java type.  Consider registering a custom JavaTypeDescriptor or at least implementing equals/hashCode.
[WARN ] 2019-12-11 00:00:57,833 JavaTypeDescriptorRegistry.checkEqualsAndHashCode() - HHH000481: Encountered Java type [class com.zbutwialypiernik.bloodbot.entity.translation.Language] for which we could not locate a JavaTypeDescriptor and which does not appear to implement equals and/or hashCode.  This can lead to significant performance problems when performing equality/dirty checking involving this Java type.  Consider registering a custom JavaTypeDescriptor or at least implementing equals/hashCode.
[WARN ] 2019-12-11 00:00:57,833 JavaTypeDescriptorRegistry.checkEqualsAndHashCode() - HHH000481: Encountered Java type [class club.minnced.discord.webhook.WebhookClient] for which we could not locate a JavaTypeDescriptor and which does not appear to implement equals and/or hashCode.  This can lead to significant performance problems when performing equality/dirty checking involving this Java type.  Consider registering a custom JavaTypeDescriptor or at least implementing equals/hashCode.
[WARN ] 2019-12-11 00:00:57,833 JavaTypeDescriptorRegistry.checkEqualsAndHashCode() - HHH000481: Encountered Java type [class club.minnced.discord.webhook.WebhookClient] for which we could not locate a JavaTypeDescriptor and which does not appear to implement equals and/or hashCode.  This can lead to significant performance problems when performing equality/dirty checking involving this Java type.  Consider registering a custom JavaTypeDescriptor or at least implementing equals/hashCode.
[WARN ] 2019-12-11 00:00:57,833 JavaTypeDescriptorRegistry.checkEqualsAndHashCode() - HHH000481: Encountered Java type [class com.zbutwialypiernik.bloodbot.entity.translation.Language] for which we could not locate a JavaTypeDescriptor and which does not appear to implement equals and/or hashCode.  This can lead to significant performance problems when performing equality/dirty checking involving this Java type.  Consider registering a custom JavaTypeDescriptor or at least implementing equals/hashCode.
[WARN ] 2019-12-11 00:00:57,833 JavaTypeDescriptorRegistry.checkEqualsAndHashCode() - HHH000481: Encountered Java type [class com.zbutwialypiernik.bloodbot.entity.translation.Language] for which we could not locate a JavaTypeDescriptor and which does not appear to implement equals and/or hashCode.  This can lead to significant performance problems when performing equality/dirty checking involving this Java type.  Consider registering a custom JavaTypeDescriptor or at least implementing equals/hashCode.
[WARN ] 2019-12-11 00:00:57,834 JavaTypeDescriptorRegistry.checkEqualsAndHashCode() - HHH000481: Encountered Java type [class club.minnced.discord.webhook.WebhookClient] for which we could not locate a JavaTypeDescriptor and which does not appear to implement equals and/or hashCode.  This can lead to significant performance problems when performing equality/dirty checking involving this Java type.  Consider registering a custom JavaTypeDescriptor or at least implementing equals/hashCode.
[WARN ] 2019-12-11 00:00:57,834 JavaTypeDescriptorRegistry.checkEqualsAndHashCode() - HHH000481: Encountered Java type [class club.minnced.discord.webhook.WebhookClient] for which we could not locate a JavaTypeDescriptor and which does not appear to implement equals and/or hashCode.  This can lead to significant performance problems when performing equality/dirty checking involving this Java type.  Consider registering a custom JavaTypeDescriptor or at least implementing equals/hashCode.
[INFO ] 2019-12-11 00:00:58,276 JtaPlatformInitiator.initiateService() - HHH000490: Using JtaPlatform implementation: [org.hibernate.engine.transaction.jta.platform.internal.NoJtaPlatform]
[INFO ] 2019-12-11 00:00:58,276 JtaPlatformInitiator.initiateService() - HHH000490: Using JtaPlatform implementation: [org.hibernate.engine.transaction.jta.platform.internal.NoJtaPlatform]
[DEBUG] 2019-12-11 00:00:58,404 KillboardService.lambda$onTick$0() - Refreshing Killboard
[DEBUG] 2019-12-11 00:00:58,895 WebhookConverter.convertToEntityAttribute() - https://discordapp.com/api/webhooks/653747897665323008/XiBWGqhWgNugaZEfvjkoFY0EBDPtmOwy0LqO0Wmsb-r2RrjHZmHC8RLcldouBjWIyBPl
[DEBUG] 2019-12-11 00:00:58,904 WebhookConverter.convertToEntityAttribute() - https://discordapp.com/api/v7/webhooks/653747897665323008/XiBWGqhWgNugaZEfvjkoFY0EBDPtmOwy0LqO0Wmsb-r2RrjHZmHC8RLcldouBjWIyBPl?wait=true
 xdadsa
[DEBUG] 2019-12-11 00:00:58,910 WebhookConverter.convertToEntityAttribute() - https://discordapp.com/api/v7/webhooks/653747897665323008/XiBWGqhWgNugaZEfvjkoFY0EBDPtmOwy0LqO0Wmsb-r2RrjHZmHC8RLcldouBjWIyBPl?wait=true
[ERROR] 2019-12-11 00:00:58,911 ScheduledEventService.lambda$notifyListeners$0() - Unhandled exception in listener
java.lang.IllegalArgumentException: Failed to parse webhook URL: https://discordapp.com/api/v7/webhooks/653747897665323008/XiBWGqhWgNugaZEfvjkoFY0EBDPtmOwy0LqO0Wmsb-r2RrjHZmHC8RLcldouBjWIyBPl?wait=true
	at com.zbutwialypiernik.bloodbot.entity.WebhookConverter.convertToEntityAttribute(WebhookConverter.java:39) ~[main/:?]
	at com.zbutwialypiernik.bloodbot.entity.WebhookConverter.convertToEntityAttribute(WebhookConverter.java:18) ~[main/:?]
	at org.hibernate.metamodel.model.convert.internal.JpaAttributeConverterImpl.toDomainValue(JpaAttributeConverterImpl.java:45) ~[hibernate-core-5.4.4.Final.jar:5.4.4.Final]
	at org.hibernate.type.descriptor.converter.AttributeConverterMutabilityPlanImpl.deepCopyNotNull(AttributeConverterMutabilityPlanImpl.java:33) ~[hibernate-core-5.4.4.Final.jar:5.4.4.Final]
	at org.hibernate.type.descriptor.java.MutableMutabilityPlan.deepCopy(MutableMutabilityPlan.java:35) ~[hibernate-core-5.4.4.Final.jar:5.4.4.Final]
	at org.hibernate.type.AbstractStandardBasicType.deepCopy(AbstractStandardBasicType.java:308) ~[hibernate-core-5.4.4.Final.jar:5.4.4.Final]
	at org.hibernate.type.AbstractStandardBasicType.deepCopy(AbstractStandardBasicType.java:304) ~[hibernate-core-5.4.4.Final.jar:5.4.4.Final]
	at org.hibernate.type.TypeHelper.deepCopy(TypeHelper.java:55) ~[hibernate-core-5.4.4.Final.jar:5.4.4.Final]
	at org.hibernate.engine.internal.TwoPhaseLoad.doInitializeEntity(TwoPhaseLoad.java:330) ~[hibernate-core-5.4.4.Final.jar:5.4.4.Final]
	at org.hibernate.engine.internal.TwoPhaseLoad.initializeEntity(TwoPhaseLoad.java:160) ~[hibernate-core-5.4.4.Final.jar:5.4.4.Final]
	at org.hibernate.loader.Loader.initializeEntitiesAndCollections(Loader.java:1179) ~[hibernate-core-5.4.4.Final.jar:5.4.4.Final]
	at org.hibernate.loader.Loader.processResultSet(Loader.java:1028) ~[hibernate-core-5.4.4.Final.jar:5.4.4.Final]
	at org.hibernate.loader.Loader.doQuery(Loader.java:964) ~[hibernate-core-5.4.4.Final.jar:5.4.4.Final]
	at org.hibernate.loader.Loader.doQueryAndInitializeNonLazyCollections(Loader.java:354) ~[hibernate-core-5.4.4.Final.jar:5.4.4.Final]
	at org.hibernate.loader.Loader.doList(Loader.java:2810) ~[hibernate-core-5.4.4.Final.jar:5.4.4.Final]
	at org.hibernate.loader.Loader.doList(Loader.java:2792) ~[hibernate-core-5.4.4.Final.jar:5.4.4.Final]
	at org.hibernate.loader.Loader.listIgnoreQueryCache(Loader.java:2624) ~[hibernate-core-5.4.4.Final.jar:5.4.4.Final]
	at org.hibernate.loader.Loader.list(Loader.java:2619) ~[hibernate-core-5.4.4.Final.jar:5.4.4.Final]
	at org.hibernate.loader.hql.QueryLoader.list(QueryLoader.java:506) ~[hibernate-core-5.4.4.Final.jar:5.4.4.Final]
	at org.hibernate.hql.internal.ast.QueryTranslatorImpl.list(QueryTranslatorImpl.java:396) ~[hibernate-core-5.4.4.Final.jar:5.4.4.Final]
	at org.hibernate.engine.query.spi.HQLQueryPlan.performList(HQLQueryPlan.java:219) ~[hibernate-core-5.4.4.Final.jar:5.4.4.Final]
	at org.hibernate.internal.SessionImpl.list(SessionImpl.java:1547) ~[hibernate-core-5.4.4.Final.jar:5.4.4.Final]
	at org.hibernate.query.internal.AbstractProducedQuery.doList(AbstractProducedQuery.java:1557) ~[hibernate-core-5.4.4.Final.jar:5.4.4.Final]
	at org.hibernate.query.internal.AbstractProducedQuery.list(AbstractProducedQuery.java:1525) ~[hibernate-core-5.4.4.Final.jar:5.4.4.Final]
	at org.hibernate.query.Query.getResultList(Query.java:165) ~[hibernate-core-5.4.4.Final.jar:5.4.4.Final]
	at com.zbutwialypiernik.bloodbot.repository.webhook.KillboardFilterRepository.getAll(KillboardFilterRepository.java:17) ~[main/:?]
	at com.zbutwialypiernik.bloodbot.service.killboard.KillboardNotifier.onEvent(KillboardNotifier.java:67) ~[main/:?]
	at com.zbutwialypiernik.bloodbot.service.killboard.KillboardNotifier.onEvent(KillboardNotifier.java:19) ~[main/:?]
	at com.zbutwialypiernik.bloodbot.service.ScheduledEventService.lambda$notifyListeners$0(ScheduledEventService.java:33) ~[main/:?]
	at java.util.ArrayList.forEach(ArrayList.java:1540) ~[?:?]
	at com.zbutwialypiernik.bloodbot.service.ScheduledEventService.notifyListeners(ScheduledEventService.java:31) ~[main/:?]
	at com.zbutwialypiernik.bloodbot.service.killboard.KillboardService.lambda$onTick$0(KillboardService.java:48) ~[main/:?]
	at java.util.concurrent.Executors$RunnableAdapter.call(Executors.java:515) [?:?]
	at java.util.concurrent.FutureTask.runAndReset(FutureTask.java:305) [?:?]
	at java.util.concurrent.ScheduledThreadPoolExecutor$ScheduledFutureTask.run(ScheduledThreadPoolExecutor.java:305) [?:?]
	at java.util.concurrent.ThreadPoolExecutor.runWorker(ThreadPoolExecutor.java:1128) [?:?]
	at java.util.concurrent.ThreadPoolExecutor$Worker.run(ThreadPoolExecutor.java:628) [?:?]
	at java.lang.Thread.run(Thread.java:834) [?:?]
[DEBUG] 2019-12-11 00:01:03,067 KillboardService.lambda$onTick$0() - Refreshing Killboard
[DEBUG] 2019-12-11 00:01:05,544 KillboardService.lambda$onTick$0() - Refreshing Killboard Finished
[INFO ] 2019-12-11 00:01:05,707 BattleboardService.lambda$onTick$0() - Refreshing Battleboard
[DEBUG] 2019-12-11 00:01:05,708 BattleboardService.lambda$onTick$0() - Unhandled exception
[ERROR] 2019-12-11 00:01:05,708 BattleboardService.lambda$onTick$0() - java.lang.IllegalArgumentException: Unable to create converter for java.util.List<com.zbutwialypiernik.bloodbot.entity.albion.AlbionBattle>
    for method AlbionApi.getRecentBattles
[DEBUG] 2019-12-11 00:01:07,227 KillboardService.lambda$onTick$0() - Refreshing Killboard Finished
[INFO ] 2019-12-11 00:01:28,405 BattleboardService.lambda$onTick$0() - Refreshing Battleboard
[DEBUG] 2019-12-11 00:01:28,410 BattleboardService.lambda$onTick$0() - Unhandled exception
[ERROR] 2019-12-11 00:01:28,411 BattleboardService.lambda$onTick$0() - java.lang.IllegalArgumentException: Unable to create converter for java.util.List<com.zbutwialypiernik.bloodbot.entity.albion.AlbionBattle>
    for method AlbionApi.getRecentBattles
[DEBUG] 2019-12-11 00:01:50,545 KillboardService.lambda$onTick$0() - Refreshing Killboard
[DEBUG] 2019-12-11 00:01:52,227 KillboardService.lambda$onTick$0() - Refreshing Killboard
[DEBUG] 2019-12-11 00:01:55,549 KillboardService.lambda$onTick$0() - Refreshing Killboard Finished
[DEBUG] 2019-12-11 00:01:56,374 KillboardService.lambda$onTick$0() - Refreshing Killboard Finished
[INFO ] 2019-12-11 00:02:35,709 BattleboardService.lambda$onTick$0() - Refreshing Battleboard
[DEBUG] 2019-12-11 00:02:35,710 BattleboardService.lambda$onTick$0() - Unhandled exception
[ERROR] 2019-12-11 00:02:35,710 BattleboardService.lambda$onTick$0() - java.lang.IllegalArgumentException: Unable to create converter for java.util.List<com.zbutwialypiernik.bloodbot.entity.albion.AlbionBattle>
    for method AlbionApi.getRecentBattles
[DEBUG] 2019-12-11 00:02:40,549 KillboardService.lambda$onTick$0() - Refreshing Killboard
[DEBUG] 2019-12-11 00:02:41,375 KillboardService.lambda$onTick$0() - Refreshing Killboard
[DEBUG] 2019-12-11 00:02:46,003 KillboardService.lambda$onTick$0() - Refreshing Killboard Finished
[DEBUG] 2019-12-11 00:02:46,008 KillboardService.lambda$onTick$0() - Refreshing Killboard Finished
[INFO ] 2019-12-11 00:02:58,412 BattleboardService.lambda$onTick$0() - Refreshing Battleboard
[DEBUG] 2019-12-11 00:02:58,412 BattleboardService.lambda$onTick$0() - Unhandled exception
[ERROR] 2019-12-11 00:02:58,413 BattleboardService.lambda$onTick$0() - java.lang.IllegalArgumentException: Unable to create converter for java.util.List<com.zbutwialypiernik.bloodbot.entity.albion.AlbionBattle>
    for method AlbionApi.getRecentBattles
[DEBUG] 2019-12-11 00:03:31,004 KillboardService.lambda$onTick$0() - Refreshing Killboard
[DEBUG] 2019-12-11 00:03:31,009 KillboardService.lambda$onTick$0() - Refreshing Killboard
[DEBUG] 2019-12-11 00:03:35,656 KillboardService.lambda$onTick$0() - Refreshing Killboard Finished
[DEBUG] 2019-12-11 00:03:35,677 KillboardService.lambda$onTick$0() - Refreshing Killboard Finished
[INFO ] 2019-12-11 00:04:05,711 BattleboardService.lambda$onTick$0() - Refreshing Battleboard
[DEBUG] 2019-12-11 00:04:05,711 BattleboardService.lambda$onTick$0() - Unhandled exception
[ERROR] 2019-12-11 00:04:05,712 BattleboardService.lambda$onTick$0() - java.lang.IllegalArgumentException: Unable to create converter for java.util.List<com.zbutwialypiernik.bloodbot.entity.albion.AlbionBattle>
    for method AlbionApi.getRecentBattles
[DEBUG] 2019-12-11 00:04:20,657 KillboardService.lambda$onTick$0() - Refreshing Killboard
[DEBUG] 2019-12-11 00:04:20,679 KillboardService.lambda$onTick$0() - Refreshing Killboard
[DEBUG] 2019-12-11 00:04:22,038 DiscIconRepository.getItemIcon() - Caching new image T5_MAIN_RAPIER_MORGANA@2
[DEBUG] 2019-12-11 00:04:22,054 DiscIconRepository.getItemIcon() - Caching new image T5_MAIN_RAPIER_MORGANA@2
[DEBUG] 2019-12-11 00:04:22,688 DiscIconRepository.getItemIcon() - Caching new image T4_ARMOR_LEATHER_UNDEAD@3
[DEBUG] 2019-12-11 00:04:22,688 DiscIconRepository.getItemIcon() - Caching new image T4_ARMOR_LEATHER_UNDEAD@3
[DEBUG] 2019-12-11 00:04:23,151 DiscIconRepository.getItemIcon() - Caching new image T4_SHOES_LEATHER_UNDEAD
[DEBUG] 2019-12-11 00:04:23,159 DiscIconRepository.getItemIcon() - Caching new image T4_SHOES_LEATHER_UNDEAD
[INFO ] 2019-12-11 00:04:28,415 BattleboardService.lambda$onTick$0() - Refreshing Battleboard
[DEBUG] 2019-12-11 00:04:28,415 BattleboardService.lambda$onTick$0() - Unhandled exception
[ERROR] 2019-12-11 00:04:28,415 BattleboardService.lambda$onTick$0() - java.lang.IllegalArgumentException: Unable to create converter for java.util.List<com.zbutwialypiernik.bloodbot.entity.albion.AlbionBattle>
    for method AlbionApi.getRecentBattles
[DEBUG] 2019-12-11 00:04:29,484 KillboardService.lambda$onTick$0() - Refreshing Killboard Finished
[DEBUG] 2019-12-11 00:04:29,508 KillboardService.lambda$onTick$0() - Refreshing Killboard Finished
[DEBUG] 2019-12-11 00:05:14,486 KillboardService.lambda$onTick$0() - Refreshing Killboard
[DEBUG] 2019-12-11 00:05:14,510 KillboardService.lambda$onTick$0() - Refreshing Killboard
[DEBUG] 2019-12-11 00:05:19,219 KillboardService.lambda$onTick$0() - Refreshing Killboard Finished
